-------------------------------------------------------------------------------
Test set: tests.RegisterTest
-------------------------------------------------------------------------------
Tests run: 2, Failures: 0, Errors: 2, Skipped: 0, Time elapsed: 2.438 s <<< FAILURE! - in tests.RegisterTest
registerWithValidData(tests.RegisterTest)  Time elapsed: 1.052 s  <<< ERROR!
org.openqa.selenium.remote.http.ConnectionFailedException: 
Unable to establish websocket connection to http://localhost:55608/devtools/browser/086c159e-8b9e-461b-afc9-546e2390cc8a
Build info: version: '4.6.0', revision: '79f1c02ae20'
System info: os.name: 'Windows 10', os.arch: 'amd64', os.version: '10.0', java.version: '18.0.1.1'
Driver info: driver.version: SelenideDriver
selenide.url: https://stellarburgers.nomoreparties.site
selenide.baseUrl: http://localhost:8080
	at tests.RegisterTest.setUp(RegisterTest.java:28)

registerWithWrongPassword(tests.RegisterTest)  Time elapsed: 1.377 s  <<< ERROR!
org.openqa.selenium.remote.http.ConnectionFailedException: 
Unable to establish websocket connection to http://localhost:55622/devtools/browser/efd16491-523f-449e-8817-703533569647
Build info: version: '4.6.0', revision: '79f1c02ae20'
System info: os.name: 'Windows 10', os.arch: 'amd64', os.version: '10.0', java.version: '18.0.1.1'
Driver info: driver.version: SelenideDriver
selenide.url: https://stellarburgers.nomoreparties.site
selenide.baseUrl: http://localhost:8080
	at tests.RegisterTest.setUp(RegisterTest.java:28)

