-------------------------------------------------------------------------------
Test set: tests.GoToMainPageFromProfileTest
-------------------------------------------------------------------------------
Tests run: 2, Failures: 0, Errors: 2, Skipped: 0, Time elapsed: 5.531 s <<< FAILURE! - in tests.GoToMainPageFromProfileTest
goToMainPageThroughLogoTest(tests.GoToMainPageFromProfileTest)  Time elapsed: 4.146 s  <<< ERROR!
org.openqa.selenium.remote.http.ConnectionFailedException: 
Unable to establish websocket connection to http://localhost:55489/devtools/browser/7720025b-dac5-43fb-ae81-587bfcfe5b49
Build info: version: '4.6.0', revision: '79f1c02ae20'
System info: os.name: 'Windows 10', os.arch: 'amd64', os.version: '10.0', java.version: '18.0.1.1'
Driver info: driver.version: SelenideDriver
selenide.url: https://stellarburgers.nomoreparties.site/
selenide.baseUrl: http://localhost:8080
	at tests.GoToMainPageFromProfileTest.setUp(GoToMainPageFromProfileTest.java:26)

goToMainPageThroughConstructorButtonTest(tests.GoToMainPageFromProfileTest)  Time elapsed: 1.064 s  <<< ERROR!
org.openqa.selenium.remote.http.ConnectionFailedException: 
Unable to establish websocket connection to http://localhost:55506/devtools/browser/1ff7b326-93ee-4e84-aa86-3dc2388610a8
Build info: version: '4.6.0', revision: '79f1c02ae20'
System info: os.name: 'Windows 10', os.arch: 'amd64', os.version: '10.0', java.version: '18.0.1.1'
Driver info: driver.version: SelenideDriver
selenide.url: https://stellarburgers.nomoreparties.site/
selenide.baseUrl: http://localhost:8080
	at tests.GoToMainPageFromProfileTest.setUp(GoToMainPageFromProfileTest.java:26)

