-------------------------------------------------------------------------------
Test set: tests.LogoutTest
-------------------------------------------------------------------------------
Tests run: 1, Failures: 0, Errors: 1, Skipped: 0, Time elapsed: 0.892 s <<< FAILURE! - in tests.LogoutTest
logoutThroughProfileTest(tests.LogoutTest)  Time elapsed: 0.892 s  <<< ERROR!
org.openqa.selenium.remote.http.ConnectionFailedException: 
Unable to establish websocket connection to http://localhost:55594/devtools/browser/de04d56c-06df-4f67-8ac9-8072d45a5b73
Build info: version: '4.6.0', revision: '79f1c02ae20'
System info: os.name: 'Windows 10', os.arch: 'amd64', os.version: '10.0', java.version: '18.0.1.1'
Driver info: driver.version: SelenideDriver
selenide.url: https://stellarburgers.nomoreparties.site/
selenide.baseUrl: http://localhost:8080
	at tests.LogoutTest.setUp(LogoutTest.java:25)

