-------------------------------------------------------------------------------
Test set: tests.GoToProfilePageTest
-------------------------------------------------------------------------------
Tests run: 1, Failures: 0, Errors: 1, Skipped: 0, Time elapsed: 0.756 s <<< FAILURE! - in tests.GoToProfilePageTest
goToProfilePageTest(tests.GoToProfilePageTest)  Time elapsed: 0.756 s  <<< ERROR!
org.openqa.selenium.remote.http.ConnectionFailedException: 
Unable to establish websocket connection to http://localhost:55520/devtools/browser/f1eaf307-1ea3-49cd-af1e-0811ae530a0b
Build info: version: '4.6.0', revision: '79f1c02ae20'
System info: os.name: 'Windows 10', os.arch: 'amd64', os.version: '10.0', java.version: '18.0.1.1'
Driver info: driver.version: SelenideDriver
selenide.url: https://stellarburgers.nomoreparties.site/
selenide.baseUrl: http://localhost:8080
	at tests.GoToProfilePageTest.setUp(GoToProfilePageTest.java:26)

